<?xml version="1.0" encoding="UTF-8"?>
<testsuite xmlns:xsi="http://www.w3.org/2001/XMLSchema-instance" xsi:noNamespaceSchemaLocation="https://maven.apache.org/surefire/maven-surefire-plugin/xsd/surefire-test-report-3.0.xsd" version="3.0" name="TestSuite" time="26.072" tests="1" errors="0" skipped="0" failures="1">
  <properties>
[...]
</properties>
  <testcase name="runScenario[&quot;Successful login with valid credentials&quot;, &quot;OrangeHRM Login&quot;](1)" classname="runners.CucumberTest_testng" time="23.699">
    <failure message="Expected condition failed: waiting for element to be clickable: By.xpath: //button[normalize-space()=&apos;Login&apos;] (tried for 10 second(s) with 500 milliseconds interval)&#10;Build info: version: &apos;4.25.0&apos;, revision: &apos;8a8aea2337&apos;&#10;System info: os.name: &apos;Windows 11&apos;, os.arch: &apos;amd64&apos;, os.version: &apos;10.0&apos;, java.version: &apos;17.0.14&apos;&#10;Driver info: org.openqa.selenium.chrome.ChromeDriver&#10;Capabilities {acceptInsecureCerts: false, browserName: chrome, browserVersion: 141.0.7390.77, chrome: {chromedriverVersion: 141.0.7390.78 (2b53b0e231fc..., userDataDir: C:\Users\tgt661\AppData\Loc...}, fedcm:accounts: true, goog:chromeOptions: {debuggerAddress: localhost:56621}, networkConnectionEnabled: false, pageLoadStrategy: normal, platformName: windows, proxy: Proxy(), se:cdp: ws://localhost:56621/devtoo..., se:cdpVersion: 141.0.7390.77, setWindowRect: true, strictFileInteractability: false, timeouts: {implicit: 0, pageLoad: 300000, script: 30000}, unhandledPromptBehavior: dismiss and notify, webauthn:extension:credBlob: true, webauthn:extension:largeBlob: true, webauthn:extension:minPinLength: true, webauthn:extension:prf: true, webauthn:virtualAuthenticators: true}&#10;Session ID: da33366efe6d6c9d0e2c02907f031f30" type="org.openqa.selenium.TimeoutException"><![CDATA[org.openqa.selenium.TimeoutException: 
Expected condition failed: waiting for element to be clickable: By.xpath: //button[normalize-space()='Login'] (tried for 10 second(s) with 500 milliseconds interval)
Build info: version: '4.25.0', revision: '8a8aea2337'
System info: os.name: 'Windows 11', os.arch: 'amd64', os.version: '10.0', java.version: '17.0.14'
Driver info: org.openqa.selenium.chrome.ChromeDriver
Capabilities {acceptInsecureCerts: false, browserName: chrome, browserVersion: 141.0.7390.77, chrome: {chromedriverVersion: 141.0.7390.78 (2b53b0e231fc..., userDataDir: C:\Users\tgt661\AppData\Loc...}, fedcm:accounts: true, goog:chromeOptions: {debuggerAddress: localhost:56621}, networkConnectionEnabled: false, pageLoadStrategy: normal, platformName: windows, proxy: Proxy(), se:cdp: ws://localhost:56621/devtoo..., se:cdpVersion: 141.0.7390.77, setWindowRect: true, strictFileInteractability: false, timeouts: {implicit: 0, pageLoad: 300000, script: 30000}, unhandledPromptBehavior: dismiss and notify, webauthn:extension:credBlob: true, webauthn:extension:largeBlob: true, webauthn:extension:minPinLength: true, webauthn:extension:prf: true, webauthn:virtualAuthenticators: true}
Session ID: da33366efe6d6c9d0e2c02907f031f30
	at org.openqa.selenium.support.ui.WebDriverWait.timeoutException(WebDriverWait.java:84)
	at org.openqa.selenium.support.ui.FluentWait.until(FluentWait.java:228)
	at pageObjects.LoginPage.clickLogin(LoginPage.java:45)
	at stepDefinitions.LoginSteps.clickLogin(LoginSteps.java:44)
	at ✽.I click on Login button(file:///C:/Users/tgt661/eclipse-workspace/bdd_cucumber_terra/src/test/resources/features/OHRM_login.feature:8)
]]></failure>
    <system-out><![CDATA[...
... TestNG 7.10.2 by Cédric Beust (cedric@beust.com)
...


@smoke @regression
Scenario: Successful login with valid credentials           # src/test/resources/features/OHRM_login.feature:4
Config file loaded successfully.
Navigating to OrangeHRM login page...
Opened URL: https://opensource-demo.orangehrmlive.com/web/index.php/auth/login
  Given I navigate to the OrangeHRM login page              # stepDefinitions.LoginSteps.iNavigateToLoginPage()
Entering username: Admin
Entered username: Admin
  When I enter valid username "Admin"                       # stepDefinitions.LoginSteps.enterUsername(java.lang.String)
Entering password: [PROTECTED]
Entered password.
  And I enter valid password "admin123"                     # stepDefinitions.LoginSteps.enterPassword(java.lang.String)
Clicking Login button...
  And I click on Login button                               # stepDefinitions.LoginSteps.clickLogin()
      org.openqa.selenium.TimeoutException: Expected condition failed: waiting for element to be clickable: By.xpath: //button[normalize-space()='Login'] (tried for 10 second(s) with 500 milliseconds interval)
Build info: version: '4.25.0', revision: '8a8aea2337'
System info: os.name: 'Windows 11', os.arch: 'amd64', os.version: '10.0', java.version: '17.0.14'
Driver info: org.openqa.selenium.chrome.ChromeDriver
Capabilities {acceptInsecureCerts: false, browserName: chrome, browserVersion: 141.0.7390.77, chrome: {chromedriverVersion: 141.0.7390.78 (2b53b0e231fc..., userDataDir: C:\Users\tgt661\AppData\Loc...}, fedcm:accounts: true, goog:chromeOptions: {debuggerAddress: localhost:56621}, networkConnectionEnabled: false, pageLoadStrategy: normal, platformName: windows, proxy: Proxy(), se:cdp: ws://localhost:56621/devtoo..., se:cdpVersion: 141.0.7390.77, setWindowRect: true, strictFileInteractability: false, timeouts: {implicit: 0, pageLoad: 300000, script: 30000}, unhandledPromptBehavior: dismiss and notify, webauthn:extension:credBlob: true, webauthn:extension:largeBlob: true, webauthn:extension:minPinLength: true, webauthn:extension:prf: true, webauthn:virtualAuthenticators: true}
Session ID: da33366efe6d6c9d0e2c02907f031f30
	at org.openqa.selenium.support.ui.WebDriverWait.timeoutException(WebDriverWait.java:84)
	at org.openqa.selenium.support.ui.FluentWait.until(FluentWait.java:228)
	at pageObjects.LoginPage.clickLogin(LoginPage.java:45)
	at stepDefinitions.LoginSteps.clickLogin(LoginSteps.java:44)
	at âœ½.I click on Login button(file:///C:/Users/tgt661/eclipse-workspace/bdd_cucumber_terra/src/test/resources/features/OHRM_login.feature:8)

  Then I should be redirected to the dashboard              # stepDefinitions.LoginSteps.i_should_be_redirected_to_the_dashboard()
  And I should see the Dashboard                            # stepDefinitions.LoginSteps.verifyDashboard()
  When I click on the user dropdown in the top-right corner # stepDefinitions.LoginSteps.i_click_on_the_user_dropdown_in_the_top_right_corner()
  And I select Logout                                       # stepDefinitions.LoginSteps.i_select_logout()
  Then I should be redirected to the login page             # stepDefinitions.LoginSteps.i_should_be_redirected_to_the_login_page()
  And I should see the Login button                         # stepDefinitions.LoginSteps.i_should_see_the_login_button()
]]></system-out>
    <system-err><![CDATA[SLF4J: Failed to load class "org.slf4j.impl.StaticLoggerBinder".
SLF4J: Defaulting to no-operation (NOP) logger implementation
SLF4J: See http://www.slf4j.org/codes.html#StaticLoggerBinder for further details.
Oct 16, 2025 2:37:55 PM org.openqa.selenium.devtools.CdpVersionFinder findNearestMatch
WARNING: Unable to find CDP implementation matching 141
Oct 16, 2025 2:37:55 PM org.openqa.selenium.chromium.ChromiumDriver lambda$new$5
WARNING: Unable to find version of CDP to use for 141.0.7390.77. You may need to include a dependency on a specific version of the CDP using something similar to `org.seleniumhq.selenium:selenium-devtools-v86:4.25.0` where the version ("v86") matches the version of the chromium-based browser you're using and the version number of the artifact is the same as Selenium's.
]]></system-err>
  </testcase>
</testsuite>